<?xml version="1.0" encoding="UTF-8"?>
<!-- Generated by org.testng.reporters.JUnitReportReporter -->
<testsuite hostname="DESKTOP-UI77LPV" failures="0" tests="1" name="test.NewTest" time="0.014" errors="0" timestamp="2024-04-05T14:47:55 IST" skipped="0">
  <testcase classname="test.NewTest" name="f" time="0.014"/>
</testsuite> <!-- test.NewTest -->
